Mar 09, 2024 8:07:23 PM inputlayer.Runner main
INFO: 
Mar 09, 2024 8:07:23 PM inputlayer.Runner main
INFO: 1.Login
Mar 09, 2024 8:07:23 PM inputlayer.Runner main
INFO: 2.Exit
Mar 09, 2024 8:07:23 PM inputlayer.Runner main
INFO: Enter your choice: 
Mar 09, 2024 8:07:25 PM inputlayer.Runner login
INFO: Enter your user id: 
Mar 09, 2024 8:07:26 PM inputlayer.Runner login
INFO: Enter password:
Mar 09, 2024 8:07:28 PM inputlayer.CustomerView handler
INFO: Welcome sam
Mar 09, 2024 8:07:28 PM inputlayer.CustomerView handler
INFO: 
1.Get current balance
Mar 09, 2024 8:07:28 PM inputlayer.CustomerView handler
INFO: 2.Withdraw
Mar 09, 2024 8:07:28 PM inputlayer.CustomerView handler
INFO: 3.Deposit
Mar 09, 2024 8:07:28 PM inputlayer.CustomerView handler
INFO: 4.Money Transfer
Mar 09, 2024 8:07:28 PM inputlayer.CustomerView handler
INFO: 5.Get Transaction Statement
Mar 09, 2024 8:07:28 PM inputlayer.CustomerView handler
INFO: 6.Get all accounts
Mar 09, 2024 8:07:28 PM inputlayer.CustomerView handler
INFO: 7.set primary account
Mar 09, 2024 8:07:28 PM inputlayer.CustomerView handler
INFO: 8.Get Total balance
Mar 09, 2024 8:07:28 PM inputlayer.CustomerView handler
INFO: 9.Change MPIN
Mar 09, 2024 8:07:28 PM inputlayer.CustomerView handler
INFO: Enter your choise:
Mar 09, 2024 8:07:39 PM inputlayer.CustomerView lambda$0
INFO: Account [accountNo=1, customerId=3, currentBalance=43000.0, isPrimaryAccout=true, openDate=1709891262427, branchId=1, status=ACTIVE, mpin=null]
Mar 09, 2024 8:07:39 PM inputlayer.CustomerView lambda$0
INFO: Account [accountNo=3, customerId=3, currentBalance=8000.0, isPrimaryAccout=false, openDate=1709979774531, branchId=2, status=ACTIVE, mpin=null]
Mar 09, 2024 8:07:39 PM inputlayer.CustomerView handler
INFO: 
1.Get current balance
Mar 09, 2024 8:07:39 PM inputlayer.CustomerView handler
INFO: 2.Withdraw
Mar 09, 2024 8:07:39 PM inputlayer.CustomerView handler
INFO: 3.Deposit
Mar 09, 2024 8:07:39 PM inputlayer.CustomerView handler
INFO: 4.Money Transfer
Mar 09, 2024 8:07:39 PM inputlayer.CustomerView handler
INFO: 5.Get Transaction Statement
Mar 09, 2024 8:07:39 PM inputlayer.CustomerView handler
INFO: 6.Get all accounts
Mar 09, 2024 8:07:39 PM inputlayer.CustomerView handler
INFO: 7.set primary account
Mar 09, 2024 8:07:39 PM inputlayer.CustomerView handler
INFO: 8.Get Total balance
Mar 09, 2024 8:07:39 PM inputlayer.CustomerView handler
INFO: 9.Change MPIN
Mar 09, 2024 8:07:39 PM inputlayer.CustomerView handler
INFO: Enter your choise:
Mar 09, 2024 8:07:49 PM inputlayer.CustomerView setPrimaryAccount
INFO: Enter account no to set as primary:
Mar 09, 2024 8:07:51 PM inputlayer.CustomerView setPrimaryAccount
INFO: Enter your mpin:
Mar 09, 2024 8:07:58 PM inputlayer.CustomerView setPrimaryAccount
SEVERE: Invalid MPIN!
customexceptions.InvalidValueException: Invalid MPIN!
	at BankingApp/persistentdao.AccountDao.checkValidRequest(AccountDao.java:210)
	at BankingApp/logicallayer.CustomerHandler.checkValidRequest(CustomerHandler.java:147)
	at BankingApp/logicallayer.CustomerHandler.setPrimaryAccount(CustomerHandler.java:45)
	at BankingApp/inputlayer.CustomerView.setPrimaryAccount(CustomerView.java:129)
	at BankingApp/inputlayer.CustomerView.handler(CustomerView.java:74)
	at BankingApp/inputlayer.Runner.redirect(Runner.java:84)
	at BankingApp/inputlayer.Runner.login(Runner.java:75)
	at BankingApp/inputlayer.Runner.main(Runner.java:36)

Mar 09, 2024 8:07:58 PM inputlayer.CustomerView handler
INFO: 
1.Get current balance
Mar 09, 2024 8:07:58 PM inputlayer.CustomerView handler
INFO: 2.Withdraw
Mar 09, 2024 8:07:58 PM inputlayer.CustomerView handler
INFO: 3.Deposit
Mar 09, 2024 8:07:58 PM inputlayer.CustomerView handler
INFO: 4.Money Transfer
Mar 09, 2024 8:07:58 PM inputlayer.CustomerView handler
INFO: 5.Get Transaction Statement
Mar 09, 2024 8:07:58 PM inputlayer.CustomerView handler
INFO: 6.Get all accounts
Mar 09, 2024 8:07:58 PM inputlayer.CustomerView handler
INFO: 7.set primary account
Mar 09, 2024 8:07:58 PM inputlayer.CustomerView handler
INFO: 8.Get Total balance
Mar 09, 2024 8:07:58 PM inputlayer.CustomerView handler
INFO: 9.Change MPIN
Mar 09, 2024 8:07:58 PM inputlayer.CustomerView handler
INFO: Enter your choise:
Mar 09, 2024 8:08:02 PM inputlayer.CustomerView setPrimaryAccount
INFO: Enter account no to set as primary:
Mar 09, 2024 8:08:04 PM inputlayer.CustomerView setPrimaryAccount
INFO: Enter your mpin:
Mar 09, 2024 8:08:06 PM inputlayer.CustomerView handler
INFO: 
1.Get current balance
Mar 09, 2024 8:08:06 PM inputlayer.CustomerView handler
INFO: 2.Withdraw
Mar 09, 2024 8:08:06 PM inputlayer.CustomerView handler
INFO: 3.Deposit
Mar 09, 2024 8:08:06 PM inputlayer.CustomerView handler
INFO: 4.Money Transfer
Mar 09, 2024 8:08:06 PM inputlayer.CustomerView handler
INFO: 5.Get Transaction Statement
Mar 09, 2024 8:08:06 PM inputlayer.CustomerView handler
INFO: 6.Get all accounts
Mar 09, 2024 8:08:06 PM inputlayer.CustomerView handler
INFO: 7.set primary account
Mar 09, 2024 8:08:06 PM inputlayer.CustomerView handler
INFO: 8.Get Total balance
Mar 09, 2024 8:08:06 PM inputlayer.CustomerView handler
INFO: 9.Change MPIN
Mar 09, 2024 8:08:06 PM inputlayer.CustomerView handler
INFO: Enter your choise:
Mar 09, 2024 8:08:09 PM inputlayer.CustomerView lambda$0
INFO: Account [accountNo=1, customerId=3, currentBalance=43000.0, isPrimaryAccout=false, openDate=1709891262427, branchId=1, status=ACTIVE, mpin=null]
Mar 09, 2024 8:08:09 PM inputlayer.CustomerView lambda$0
INFO: Account [accountNo=3, customerId=3, currentBalance=8000.0, isPrimaryAccout=true, openDate=1709979774531, branchId=2, status=ACTIVE, mpin=null]
Mar 09, 2024 8:08:09 PM inputlayer.CustomerView handler
INFO: 
1.Get current balance
Mar 09, 2024 8:08:09 PM inputlayer.CustomerView handler
INFO: 2.Withdraw
Mar 09, 2024 8:08:09 PM inputlayer.CustomerView handler
INFO: 3.Deposit
Mar 09, 2024 8:08:09 PM inputlayer.CustomerView handler
INFO: 4.Money Transfer
Mar 09, 2024 8:08:09 PM inputlayer.CustomerView handler
INFO: 5.Get Transaction Statement
Mar 09, 2024 8:08:09 PM inputlayer.CustomerView handler
INFO: 6.Get all accounts
Mar 09, 2024 8:08:09 PM inputlayer.CustomerView handler
INFO: 7.set primary account
Mar 09, 2024 8:08:09 PM inputlayer.CustomerView handler
INFO: 8.Get Total balance
Mar 09, 2024 8:08:09 PM inputlayer.CustomerView handler
INFO: 9.Change MPIN
Mar 09, 2024 8:08:09 PM inputlayer.CustomerView handler
INFO: Enter your choise:
Mar 09, 2024 8:08:15 PM inputlayer.CustomerView setPrimaryAccount
INFO: Enter account no to set as primary:
Mar 09, 2024 8:08:18 PM inputlayer.CustomerView setPrimaryAccount
INFO: Enter your mpin:
Mar 09, 2024 8:08:20 PM inputlayer.CustomerView setPrimaryAccount
SEVERE: Invalid account number and customer id!
customexceptions.InvalidValueException: Invalid account number and customer id!
	at BankingApp/persistentdao.AccountDao.checkValidRequest(AccountDao.java:207)
	at BankingApp/logicallayer.CustomerHandler.checkValidRequest(CustomerHandler.java:147)
	at BankingApp/logicallayer.CustomerHandler.setPrimaryAccount(CustomerHandler.java:45)
	at BankingApp/inputlayer.CustomerView.setPrimaryAccount(CustomerView.java:129)
	at BankingApp/inputlayer.CustomerView.handler(CustomerView.java:74)
	at BankingApp/inputlayer.Runner.redirect(Runner.java:84)
	at BankingApp/inputlayer.Runner.login(Runner.java:75)
	at BankingApp/inputlayer.Runner.main(Runner.java:36)

Mar 09, 2024 8:08:20 PM inputlayer.CustomerView handler
INFO: 
1.Get current balance
Mar 09, 2024 8:08:20 PM inputlayer.CustomerView handler
INFO: 2.Withdraw
Mar 09, 2024 8:08:20 PM inputlayer.CustomerView handler
INFO: 3.Deposit
Mar 09, 2024 8:08:20 PM inputlayer.CustomerView handler
INFO: 4.Money Transfer
Mar 09, 2024 8:08:20 PM inputlayer.CustomerView handler
INFO: 5.Get Transaction Statement
Mar 09, 2024 8:08:20 PM inputlayer.CustomerView handler
INFO: 6.Get all accounts
Mar 09, 2024 8:08:20 PM inputlayer.CustomerView handler
INFO: 7.set primary account
Mar 09, 2024 8:08:20 PM inputlayer.CustomerView handler
INFO: 8.Get Total balance
Mar 09, 2024 8:08:20 PM inputlayer.CustomerView handler
INFO: 9.Change MPIN
Mar 09, 2024 8:08:20 PM inputlayer.CustomerView handler
INFO: Enter your choise:
Mar 09, 2024 8:08:58 PM inputlayer.CustomerView setPrimaryAccount
INFO: Enter account no to set as primary:
Mar 09, 2024 8:09:00 PM inputlayer.CustomerView setPrimaryAccount
INFO: Enter your mpin:
Mar 09, 2024 8:09:02 PM inputlayer.CustomerView handler
INFO: 
1.Get current balance
Mar 09, 2024 8:09:02 PM inputlayer.CustomerView handler
INFO: 2.Withdraw
Mar 09, 2024 8:09:02 PM inputlayer.CustomerView handler
INFO: 3.Deposit
Mar 09, 2024 8:09:02 PM inputlayer.CustomerView handler
INFO: 4.Money Transfer
Mar 09, 2024 8:09:02 PM inputlayer.CustomerView handler
INFO: 5.Get Transaction Statement
Mar 09, 2024 8:09:02 PM inputlayer.CustomerView handler
INFO: 6.Get all accounts
Mar 09, 2024 8:09:02 PM inputlayer.CustomerView handler
INFO: 7.set primary account
Mar 09, 2024 8:09:02 PM inputlayer.CustomerView handler
INFO: 8.Get Total balance
Mar 09, 2024 8:09:02 PM inputlayer.CustomerView handler
INFO: 9.Change MPIN
Mar 09, 2024 8:09:02 PM inputlayer.CustomerView handler
INFO: Enter your choise:
Mar 09, 2024 8:09:05 PM inputlayer.CustomerView setPrimaryAccount
INFO: Enter account no to set as primary:
Mar 09, 2024 8:09:07 PM inputlayer.CustomerView setPrimaryAccount
INFO: Enter your mpin:
Mar 09, 2024 8:09:08 PM inputlayer.CustomerView handler
INFO: 
1.Get current balance
Mar 09, 2024 8:09:08 PM inputlayer.CustomerView handler
INFO: 2.Withdraw
Mar 09, 2024 8:09:08 PM inputlayer.CustomerView handler
INFO: 3.Deposit
Mar 09, 2024 8:09:08 PM inputlayer.CustomerView handler
INFO: 4.Money Transfer
Mar 09, 2024 8:09:08 PM inputlayer.CustomerView handler
INFO: 5.Get Transaction Statement
Mar 09, 2024 8:09:08 PM inputlayer.CustomerView handler
INFO: 6.Get all accounts
Mar 09, 2024 8:09:08 PM inputlayer.CustomerView handler
INFO: 7.set primary account
Mar 09, 2024 8:09:08 PM inputlayer.CustomerView handler
INFO: 8.Get Total balance
Mar 09, 2024 8:09:08 PM inputlayer.CustomerView handler
INFO: 9.Change MPIN
Mar 09, 2024 8:09:08 PM inputlayer.CustomerView handler
INFO: Enter your choise:
Mar 09, 2024 8:09:10 PM inputlayer.CustomerView lambda$0
INFO: Account [accountNo=1, customerId=3, currentBalance=43000.0, isPrimaryAccout=true, openDate=1709891262427, branchId=1, status=ACTIVE, mpin=null]
Mar 09, 2024 8:09:10 PM inputlayer.CustomerView lambda$0
INFO: Account [accountNo=3, customerId=3, currentBalance=8000.0, isPrimaryAccout=false, openDate=1709979774531, branchId=2, status=ACTIVE, mpin=null]
Mar 09, 2024 8:09:10 PM inputlayer.CustomerView handler
INFO: 
1.Get current balance
Mar 09, 2024 8:09:10 PM inputlayer.CustomerView handler
INFO: 2.Withdraw
Mar 09, 2024 8:09:10 PM inputlayer.CustomerView handler
INFO: 3.Deposit
Mar 09, 2024 8:09:10 PM inputlayer.CustomerView handler
INFO: 4.Money Transfer
Mar 09, 2024 8:09:10 PM inputlayer.CustomerView handler
INFO: 5.Get Transaction Statement
Mar 09, 2024 8:09:10 PM inputlayer.CustomerView handler
INFO: 6.Get all accounts
Mar 09, 2024 8:09:10 PM inputlayer.CustomerView handler
INFO: 7.set primary account
Mar 09, 2024 8:09:10 PM inputlayer.CustomerView handler
INFO: 8.Get Total balance
Mar 09, 2024 8:09:10 PM inputlayer.CustomerView handler
INFO: 9.Change MPIN
Mar 09, 2024 8:09:10 PM inputlayer.CustomerView handler
INFO: Enter your choise:
